<?xml version="1.0" encoding="UTF-8"?>
<testng-results ignored="0" total="1" passed="1" failed="0" skipped="0">
  <reporter-output>
  </reporter-output>
  <suite started-at="2022-08-30T15:40:07 IST" name="Suite" finished-at="2022-08-30T15:40:37 IST" duration-ms="29402">
    <groups>
    </groups>
    <test started-at="2022-08-30T15:40:07 IST" name="Test" finished-at="2022-08-30T15:40:37 IST" duration-ms="29402">
      <class name="MX2XL.sbNet">
        <test-method signature="firstUrl()[pri:0, instance:MX2XL.sbNet@39529185]" started-at="2022-08-30T15:40:07 IST" name="firstUrl" finished-at="2022-08-30T15:40:37 IST" duration-ms="29382" status="PASS">
          <reporter-output>
          </reporter-output>
        </test-method> <!-- firstUrl -->
      </class> <!-- MX2XL.sbNet -->
    </test> <!-- Test -->
  </suite> <!-- Suite -->
</testng-results>
